C:\ReconTool\SBSA.Recon.Tool\src\SBSA.Recon.Tool.Web\dist\out-tsc\src\app\shared\guard\auth.guard.js
C:\ReconTool\SBSA.Recon.Tool\src\SBSA.Recon.Tool.Web\dist\out-tsc\src\app\shared\guard\auth.guard.js.map
C:\ReconTool\SBSA.Recon.Tool\src\SBSA.Recon.Tool.Web\dist\out-tsc\src\app\app-routing.module.js
C:\ReconTool\SBSA.Recon.Tool\src\SBSA.Recon.Tool.Web\dist\out-tsc\src\app\app-routing.module.js.map
C:\ReconTool\SBSA.Recon.Tool\src\SBSA.Recon.Tool.Web\dist\out-tsc\src\app\app.component.js
C:\ReconTool\SBSA.Recon.Tool\src\SBSA.Recon.Tool.Web\dist\out-tsc\src\app\app.component.js.map
C:\ReconTool\SBSA.Recon.Tool\src\SBSA.Recon.Tool.Web\dist\out-tsc\src\app\app.module.js
C:\ReconTool\SBSA.Recon.Tool\src\SBSA.Recon.Tool.Web\dist\out-tsc\src\app\app.module.js.map
C:\ReconTool\SBSA.Recon.Tool\src\SBSA.Recon.Tool.Web\dist\out-tsc\src\environments\environment.js
C:\ReconTool\SBSA.Recon.Tool\src\SBSA.Recon.Tool.Web\dist\out-tsc\src\environments\environment.js.map
C:\ReconTool\SBSA.Recon.Tool\src\SBSA.Recon.Tool.Web\dist\out-tsc\src\main.js
C:\ReconTool\SBSA.Recon.Tool\src\SBSA.Recon.Tool.Web\dist\out-tsc\src\main.js.map
C:\ReconTool\SBSA.Recon.Tool\src\SBSA.Recon.Tool.Web\dist\out-tsc\src\polyfills.js
C:\ReconTool\SBSA.Recon.Tool\src\SBSA.Recon.Tool.Web\dist\out-tsc\src\polyfills.js.map
C:\ReconTool\SBSA.Recon.Tool\src\SBSA.Recon.Tool.Web\dist\out-tsc\src\test.js
C:\ReconTool\SBSA.Recon.Tool\src\SBSA.Recon.Tool.Web\dist\out-tsc\src\test.js.map
C:\ReconTool\SBSA.Recon.Tool\src\SBSA.Recon.Tool.Web\dist\out-tsc\e2e\src\app.po.js
C:\ReconTool\SBSA.Recon.Tool\src\SBSA.Recon.Tool.Web\dist\out-tsc\e2e\src\app.po.js.map
C:\ReconTool\SBSA.Recon.Tool\src\SBSA.Recon.Tool.Web\dist\out-tsc\e2e\src\app.e2e-spec.js
C:\ReconTool\SBSA.Recon.Tool\src\SBSA.Recon.Tool.Web\dist\out-tsc\e2e\src\app.e2e-spec.js.map
C:\ReconTool\SBSA.Recon.Tool\src\SBSA.Recon.Tool.Web\dist\out-tsc\src\app\app.component.spec.js
C:\ReconTool\SBSA.Recon.Tool\src\SBSA.Recon.Tool.Web\dist\out-tsc\src\app\app.component.spec.js.map
C:\ReconTool\SBSA.Recon.Tool\src\SBSA.Recon.Tool.Web\dist\out-tsc\src\environments\environment.prod.js
C:\ReconTool\SBSA.Recon.Tool\src\SBSA.Recon.Tool.Web\dist\out-tsc\src\environments\environment.prod.js.map
C:\ReconTool\SBSA.Recon.Tool\src\SBSA.Recon.Tool.Web\dist\out-tsc\src\app\layout\layout.component.js
C:\ReconTool\SBSA.Recon.Tool\src\SBSA.Recon.Tool.Web\dist\out-tsc\src\app\layout\layout.component.js.map
C:\ReconTool\SBSA.Recon.Tool\src\SBSA.Recon.Tool.Web\dist\out-tsc\src\app\layout\layout-routing.module.js
C:\ReconTool\SBSA.Recon.Tool\src\SBSA.Recon.Tool.Web\dist\out-tsc\src\app\layout\layout-routing.module.js.map
C:\ReconTool\SBSA.Recon.Tool\src\SBSA.Recon.Tool.Web\dist\out-tsc\src\app\layout\layout.component.spec.js
C:\ReconTool\SBSA.Recon.Tool\src\SBSA.Recon.Tool.Web\dist\out-tsc\src\app\layout\layout.component.spec.js.map
C:\ReconTool\SBSA.Recon.Tool\src\SBSA.Recon.Tool.Web\dist\out-tsc\src\app\layout\components\sidebar\sidebar.component.js
C:\ReconTool\SBSA.Recon.Tool\src\SBSA.Recon.Tool.Web\dist\out-tsc\src\app\layout\components\sidebar\sidebar.component.js.map
C:\ReconTool\SBSA.Recon.Tool\src\SBSA.Recon.Tool.Web\dist\out-tsc\src\app\layout\components\topnav\topnav.component.js
C:\ReconTool\SBSA.Recon.Tool\src\SBSA.Recon.Tool.Web\dist\out-tsc\src\app\layout\components\topnav\topnav.component.js.map
C:\ReconTool\SBSA.Recon.Tool\src\SBSA.Recon.Tool.Web\dist\out-tsc\src\app\layout\nav\nav.component.js
C:\ReconTool\SBSA.Recon.Tool\src\SBSA.Recon.Tool.Web\dist\out-tsc\src\app\layout\nav\nav.component.js.map
C:\ReconTool\SBSA.Recon.Tool\src\SBSA.Recon.Tool.Web\dist\out-tsc\src\app\layout\layout.module.js
C:\ReconTool\SBSA.Recon.Tool\src\SBSA.Recon.Tool.Web\dist\out-tsc\src\app\layout\layout.module.js.map
C:\ReconTool\SBSA.Recon.Tool\src\SBSA.Recon.Tool.Web\dist\out-tsc\src\app\layout\layout.module.spec.js
C:\ReconTool\SBSA.Recon.Tool\src\SBSA.Recon.Tool.Web\dist\out-tsc\src\app\layout\layout.module.spec.js.map
C:\ReconTool\SBSA.Recon.Tool\src\SBSA.Recon.Tool.Web\dist\out-tsc\src\app\login\login.component.js
C:\ReconTool\SBSA.Recon.Tool\src\SBSA.Recon.Tool.Web\dist\out-tsc\src\app\login\login.component.js.map
C:\ReconTool\SBSA.Recon.Tool\src\SBSA.Recon.Tool.Web\dist\out-tsc\src\app\login\login-routing.module.js
C:\ReconTool\SBSA.Recon.Tool\src\SBSA.Recon.Tool.Web\dist\out-tsc\src\app\login\login-routing.module.js.map
C:\ReconTool\SBSA.Recon.Tool\src\SBSA.Recon.Tool.Web\dist\out-tsc\src\app\login\login.component.spec.js
C:\ReconTool\SBSA.Recon.Tool\src\SBSA.Recon.Tool.Web\dist\out-tsc\src\app\login\login.component.spec.js.map
C:\ReconTool\SBSA.Recon.Tool\src\SBSA.Recon.Tool.Web\dist\out-tsc\src\app\login\login.module.js
C:\ReconTool\SBSA.Recon.Tool\src\SBSA.Recon.Tool.Web\dist\out-tsc\src\app\login\login.module.js.map
C:\ReconTool\SBSA.Recon.Tool\src\SBSA.Recon.Tool.Web\dist\out-tsc\src\app\login\login.module.spec.js
C:\ReconTool\SBSA.Recon.Tool\src\SBSA.Recon.Tool.Web\dist\out-tsc\src\app\login\login.module.spec.js.map
C:\ReconTool\SBSA.Recon.Tool\src\SBSA.Recon.Tool.Web\dist\out-tsc\src\app\layout\comments\comments.component.js
C:\ReconTool\SBSA.Recon.Tool\src\SBSA.Recon.Tool.Web\dist\out-tsc\src\app\layout\comments\comments.component.js.map
C:\ReconTool\SBSA.Recon.Tool\src\SBSA.Recon.Tool.Web\dist\out-tsc\src\app\layout\comments\comments.component.spec.js
C:\ReconTool\SBSA.Recon.Tool\src\SBSA.Recon.Tool.Web\dist\out-tsc\src\app\layout\comments\comments.component.spec.js.map
C:\ReconTool\SBSA.Recon.Tool\src\SBSA.Recon.Tool.Web\dist\out-tsc\src\app\layout\dashboard\dashboard.component.js
C:\ReconTool\SBSA.Recon.Tool\src\SBSA.Recon.Tool.Web\dist\out-tsc\src\app\layout\dashboard\dashboard.component.js.map
C:\ReconTool\SBSA.Recon.Tool\src\SBSA.Recon.Tool.Web\dist\out-tsc\src\app\layout\dashboard\dashboard-routing.module.js
C:\ReconTool\SBSA.Recon.Tool\src\SBSA.Recon.Tool.Web\dist\out-tsc\src\app\layout\dashboard\dashboard-routing.module.js.map
C:\ReconTool\SBSA.Recon.Tool\src\SBSA.Recon.Tool.Web\dist\out-tsc\src\app\layout\dashboard\dashboard.component.spec.js
C:\ReconTool\SBSA.Recon.Tool\src\SBSA.Recon.Tool.Web\dist\out-tsc\src\app\layout\dashboard\dashboard.component.spec.js.map
C:\ReconTool\SBSA.Recon.Tool\src\SBSA.Recon.Tool.Web\dist\out-tsc\src\app\shared\modules\stat\stat.component.js
C:\ReconTool\SBSA.Recon.Tool\src\SBSA.Recon.Tool.Web\dist\out-tsc\src\app\shared\modules\stat\stat.component.js.map
C:\ReconTool\SBSA.Recon.Tool\src\SBSA.Recon.Tool.Web\dist\out-tsc\src\app\shared\modules\stat\stat.module.js
C:\ReconTool\SBSA.Recon.Tool\src\SBSA.Recon.Tool.Web\dist\out-tsc\src\app\shared\modules\stat\stat.module.js.map
C:\ReconTool\SBSA.Recon.Tool\src\SBSA.Recon.Tool.Web\dist\out-tsc\src\app\layout\dashboard\dashboard.module.js
C:\ReconTool\SBSA.Recon.Tool\src\SBSA.Recon.Tool.Web\dist\out-tsc\src\app\layout\dashboard\dashboard.module.js.map
C:\ReconTool\SBSA.Recon.Tool\src\SBSA.Recon.Tool.Web\dist\out-tsc\src\app\layout\dashboard\dashboard.module.spec.js
C:\ReconTool\SBSA.Recon.Tool\src\SBSA.Recon.Tool.Web\dist\out-tsc\src\app\layout\dashboard\dashboard.module.spec.js.map
C:\ReconTool\SBSA.Recon.Tool\src\SBSA.Recon.Tool.Web\dist\out-tsc\src\app\layout\forms\forms.component.js
C:\ReconTool\SBSA.Recon.Tool\src\SBSA.Recon.Tool.Web\dist\out-tsc\src\app\layout\forms\forms.component.js.map
C:\ReconTool\SBSA.Recon.Tool\src\SBSA.Recon.Tool.Web\dist\out-tsc\src\app\layout\forms\forms-routing.module.js
C:\ReconTool\SBSA.Recon.Tool\src\SBSA.Recon.Tool.Web\dist\out-tsc\src\app\layout\forms\forms-routing.module.js.map
C:\ReconTool\SBSA.Recon.Tool\src\SBSA.Recon.Tool.Web\dist\out-tsc\src\app\layout\forms\forms.component.spec.js
C:\ReconTool\SBSA.Recon.Tool\src\SBSA.Recon.Tool.Web\dist\out-tsc\src\app\layout\forms\forms.component.spec.js.map
C:\ReconTool\SBSA.Recon.Tool\src\SBSA.Recon.Tool.Web\dist\out-tsc\src\app\layout\forms\auto-complete\auto-complete.component.js
C:\ReconTool\SBSA.Recon.Tool\src\SBSA.Recon.Tool.Web\dist\out-tsc\src\app\layout\forms\auto-complete\auto-complete.component.js.map
C:\ReconTool\SBSA.Recon.Tool\src\SBSA.Recon.Tool.Web\dist\out-tsc\src\app\layout\forms\checkbox\checkbox.component.js
C:\ReconTool\SBSA.Recon.Tool\src\SBSA.Recon.Tool.Web\dist\out-tsc\src\app\layout\forms\checkbox\checkbox.component.js.map
C:\ReconTool\SBSA.Recon.Tool\src\SBSA.Recon.Tool.Web\dist\out-tsc\src\app\layout\forms\date-picker\date-picker.component.js
C:\ReconTool\SBSA.Recon.Tool\src\SBSA.Recon.Tool.Web\dist\out-tsc\src\app\layout\forms\date-picker\date-picker.component.js.map
C:\ReconTool\SBSA.Recon.Tool\src\SBSA.Recon.Tool.Web\dist\out-tsc\src\app\layout\forms\form-field\form-field.component.js
C:\ReconTool\SBSA.Recon.Tool\src\SBSA.Recon.Tool.Web\dist\out-tsc\src\app\layout\forms\form-field\form-field.component.js.map
C:\ReconTool\SBSA.Recon.Tool\src\SBSA.Recon.Tool.Web\dist\out-tsc\src\app\layout\forms\slider\slider.component.js
C:\ReconTool\SBSA.Recon.Tool\src\SBSA.Recon.Tool.Web\dist\out-tsc\src\app\layout\forms\slider\slider.component.js.map
C:\ReconTool\SBSA.Recon.Tool\src\SBSA.Recon.Tool.Web\dist\out-tsc\src\app\layout\forms\forms.module.js
C:\ReconTool\SBSA.Recon.Tool\src\SBSA.Recon.Tool.Web\dist\out-tsc\src\app\layout\forms\forms.module.js.map
C:\ReconTool\SBSA.Recon.Tool\src\SBSA.Recon.Tool.Web\dist\out-tsc\src\app\layout\forms\forms.module.spec.js
C:\ReconTool\SBSA.Recon.Tool\src\SBSA.Recon.Tool.Web\dist\out-tsc\src\app\layout\forms\forms.module.spec.js.map
C:\ReconTool\SBSA.Recon.Tool\src\SBSA.Recon.Tool.Web\dist\out-tsc\src\app\layout\material-components\material-components.component.js
C:\ReconTool\SBSA.Recon.Tool\src\SBSA.Recon.Tool.Web\dist\out-tsc\src\app\layout\material-components\material-components.component.js.map
C:\ReconTool\SBSA.Recon.Tool\src\SBSA.Recon.Tool.Web\dist\out-tsc\src\app\layout\material-components\material-components-routing.module.js
C:\ReconTool\SBSA.Recon.Tool\src\SBSA.Recon.Tool.Web\dist\out-tsc\src\app\layout\material-components\material-components-routing.module.js.map
C:\ReconTool\SBSA.Recon.Tool\src\SBSA.Recon.Tool.Web\dist\out-tsc\src\app\layout\material-components\material-components.component.spec.js
C:\ReconTool\SBSA.Recon.Tool\src\SBSA.Recon.Tool.Web\dist\out-tsc\src\app\layout\material-components\material-components.component.spec.js.map
C:\ReconTool\SBSA.Recon.Tool\src\SBSA.Recon.Tool.Web\dist\out-tsc\src\app\layout\material-components\bottom-sheet-overview\bottom-sheet-overview.component.js
C:\ReconTool\SBSA.Recon.Tool\src\SBSA.Recon.Tool.Web\dist\out-tsc\src\app\layout\material-components\bottom-sheet-overview\bottom-sheet-overview.component.js.map
C:\ReconTool\SBSA.Recon.Tool\src\SBSA.Recon.Tool.Web\dist\out-tsc\src\app\layout\material-components\bottom-sheet\bottom-sheets.component.js
C:\ReconTool\SBSA.Recon.Tool\src\SBSA.Recon.Tool.Web\dist\out-tsc\src\app\layout\material-components\bottom-sheet\bottom-sheets.component.js.map
C:\ReconTool\SBSA.Recon.Tool\src\SBSA.Recon.Tool.Web\dist\out-tsc\src\app\layout\material-components\button\button.component.js
C:\ReconTool\SBSA.Recon.Tool\src\SBSA.Recon.Tool.Web\dist\out-tsc\src\app\layout\material-components\button\button.component.js.map
C:\ReconTool\SBSA.Recon.Tool\src\SBSA.Recon.Tool.Web\dist\out-tsc\src\app\layout\material-components\dialog-overview\dialog-overview.component.js
C:\ReconTool\SBSA.Recon.Tool\src\SBSA.Recon.Tool.Web\dist\out-tsc\src\app\layout\material-components\dialog-overview\dialog-overview.component.js.map
C:\ReconTool\SBSA.Recon.Tool\src\SBSA.Recon.Tool.Web\dist\out-tsc\src\app\layout\material-components\dialog\dialog.component.js
C:\ReconTool\SBSA.Recon.Tool\src\SBSA.Recon.Tool.Web\dist\out-tsc\src\app\layout\material-components\dialog\dialog.component.js.map
C:\ReconTool\SBSA.Recon.Tool\src\SBSA.Recon.Tool.Web\dist\out-tsc\src\app\layout\material-components\paginator\paginator.component.js
C:\ReconTool\SBSA.Recon.Tool\src\SBSA.Recon.Tool.Web\dist\out-tsc\src\app\layout\material-components\paginator\paginator.component.js.map
C:\ReconTool\SBSA.Recon.Tool\src\SBSA.Recon.Tool.Web\dist\out-tsc\src\app\layout\material-components\progress-bar\progress-bar.component.js
C:\ReconTool\SBSA.Recon.Tool\src\SBSA.Recon.Tool.Web\dist\out-tsc\src\app\layout\material-components\progress-bar\progress-bar.component.js.map
C:\ReconTool\SBSA.Recon.Tool\src\SBSA.Recon.Tool.Web\dist\out-tsc\src\app\layout\material-components\snack-bar\snack-bar.component.js
C:\ReconTool\SBSA.Recon.Tool\src\SBSA.Recon.Tool.Web\dist\out-tsc\src\app\layout\material-components\snack-bar\snack-bar.component.js.map
C:\ReconTool\SBSA.Recon.Tool\src\SBSA.Recon.Tool.Web\dist\out-tsc\src\app\layout\material-components\tool-tip\tool-tip.component.js
C:\ReconTool\SBSA.Recon.Tool\src\SBSA.Recon.Tool.Web\dist\out-tsc\src\app\layout\material-components\tool-tip\tool-tip.component.js.map
C:\ReconTool\SBSA.Recon.Tool\src\SBSA.Recon.Tool.Web\dist\out-tsc\src\app\layout\material-components\material-components.module.js
C:\ReconTool\SBSA.Recon.Tool\src\SBSA.Recon.Tool.Web\dist\out-tsc\src\app\layout\material-components\material-components.module.js.map
C:\ReconTool\SBSA.Recon.Tool\src\SBSA.Recon.Tool.Web\dist\out-tsc\src\app\layout\material-components\material-components.module.spec.js
C:\ReconTool\SBSA.Recon.Tool\src\SBSA.Recon.Tool.Web\dist\out-tsc\src\app\layout\material-components\material-components.module.spec.js.map
C:\ReconTool\SBSA.Recon.Tool\src\SBSA.Recon.Tool.Web\dist\out-tsc\src\app\layout\nav\nav.component.spec.js
C:\ReconTool\SBSA.Recon.Tool\src\SBSA.Recon.Tool.Web\dist\out-tsc\src\app\layout\nav\nav.component.spec.js.map
C:\ReconTool\SBSA.Recon.Tool\src\SBSA.Recon.Tool.Web\dist\out-tsc\src\app\layout\recon\recon.component.js
C:\ReconTool\SBSA.Recon.Tool\src\SBSA.Recon.Tool.Web\dist\out-tsc\src\app\layout\recon\recon.component.js.map
C:\ReconTool\SBSA.Recon.Tool\src\SBSA.Recon.Tool.Web\dist\out-tsc\src\app\layout\recon\recon-routing.module.js
C:\ReconTool\SBSA.Recon.Tool\src\SBSA.Recon.Tool.Web\dist\out-tsc\src\app\layout\recon\recon-routing.module.js.map
C:\ReconTool\SBSA.Recon.Tool\src\SBSA.Recon.Tool.Web\dist\out-tsc\src\app\layout\recon\recon.component.spec.js
C:\ReconTool\SBSA.Recon.Tool\src\SBSA.Recon.Tool.Web\dist\out-tsc\src\app\layout\recon\recon.component.spec.js.map
C:\ReconTool\SBSA.Recon.Tool\src\SBSA.Recon.Tool.Web\dist\out-tsc\src\app\layout\recon\recon.module.js
C:\ReconTool\SBSA.Recon.Tool\src\SBSA.Recon.Tool.Web\dist\out-tsc\src\app\layout\recon\recon.module.js.map
C:\ReconTool\SBSA.Recon.Tool\src\SBSA.Recon.Tool.Web\dist\out-tsc\src\app\layout\recon\recon.module.spec.js
C:\ReconTool\SBSA.Recon.Tool\src\SBSA.Recon.Tool.Web\dist\out-tsc\src\app\layout\recon\recon.module.spec.js.map
C:\ReconTool\SBSA.Recon.Tool\src\SBSA.Recon.Tool.Web\dist\out-tsc\src\app\layout\tables\tables.component.js
C:\ReconTool\SBSA.Recon.Tool\src\SBSA.Recon.Tool.Web\dist\out-tsc\src\app\layout\tables\tables.component.js.map
C:\ReconTool\SBSA.Recon.Tool\src\SBSA.Recon.Tool.Web\dist\out-tsc\src\app\layout\tables\tables-routing.module.js
C:\ReconTool\SBSA.Recon.Tool\src\SBSA.Recon.Tool.Web\dist\out-tsc\src\app\layout\tables\tables-routing.module.js.map
C:\ReconTool\SBSA.Recon.Tool\src\SBSA.Recon.Tool.Web\dist\out-tsc\src\app\layout\tables\tables.component.spec.js
C:\ReconTool\SBSA.Recon.Tool\src\SBSA.Recon.Tool.Web\dist\out-tsc\src\app\layout\tables\tables.component.spec.js.map
C:\ReconTool\SBSA.Recon.Tool\src\SBSA.Recon.Tool.Web\dist\out-tsc\src\app\layout\tables\tables.module.js
C:\ReconTool\SBSA.Recon.Tool\src\SBSA.Recon.Tool.Web\dist\out-tsc\src\app\layout\tables\tables.module.js.map
C:\ReconTool\SBSA.Recon.Tool\src\SBSA.Recon.Tool.Web\dist\out-tsc\src\app\layout\tables\tables.module.spec.js
C:\ReconTool\SBSA.Recon.Tool\src\SBSA.Recon.Tool.Web\dist\out-tsc\src\app\layout\tables\tables.module.spec.js.map
C:\ReconTool\SBSA.Recon.Tool\src\SBSA.Recon.Tool.Web\dist\out-tsc\src\app\shared\guard\auth.guard.spec.js
C:\ReconTool\SBSA.Recon.Tool\src\SBSA.Recon.Tool.Web\dist\out-tsc\src\app\shared\guard\auth.guard.spec.js.map
C:\ReconTool\SBSA.Recon.Tool\src\SBSA.Recon.Tool.Web\dist\out-tsc\src\app\shared\guard\index.js
C:\ReconTool\SBSA.Recon.Tool\src\SBSA.Recon.Tool.Web\dist\out-tsc\src\app\shared\guard\index.js.map
C:\ReconTool\SBSA.Recon.Tool\src\SBSA.Recon.Tool.Web\dist\out-tsc\src\app\shared\pipes\pipes.module.js
C:\ReconTool\SBSA.Recon.Tool\src\SBSA.Recon.Tool.Web\dist\out-tsc\src\app\shared\pipes\pipes.module.js.map
C:\ReconTool\SBSA.Recon.Tool\src\SBSA.Recon.Tool.Web\dist\out-tsc\src\app\shared\services\index.js
C:\ReconTool\SBSA.Recon.Tool\src\SBSA.Recon.Tool.Web\dist\out-tsc\src\app\shared\services\index.js.map
C:\ReconTool\SBSA.Recon.Tool\src\SBSA.Recon.Tool.Web\dist\out-tsc\src\app\layout\components\sidebar\sidebar.component.spec.js
C:\ReconTool\SBSA.Recon.Tool\src\SBSA.Recon.Tool.Web\dist\out-tsc\src\app\layout\components\sidebar\sidebar.component.spec.js.map
C:\ReconTool\SBSA.Recon.Tool\src\SBSA.Recon.Tool.Web\dist\out-tsc\src\app\layout\components\topnav\topnav.component.spec.js
C:\ReconTool\SBSA.Recon.Tool\src\SBSA.Recon.Tool.Web\dist\out-tsc\src\app\layout\components\topnav\topnav.component.spec.js.map
C:\ReconTool\SBSA.Recon.Tool\src\SBSA.Recon.Tool.Web\dist\out-tsc\src\app\layout\forms\auto-complete\auto-complete.component.spec.js
C:\ReconTool\SBSA.Recon.Tool\src\SBSA.Recon.Tool.Web\dist\out-tsc\src\app\layout\forms\auto-complete\auto-complete.component.spec.js.map
C:\ReconTool\SBSA.Recon.Tool\src\SBSA.Recon.Tool.Web\dist\out-tsc\src\app\layout\forms\checkbox\checkbox.component.spec.js
C:\ReconTool\SBSA.Recon.Tool\src\SBSA.Recon.Tool.Web\dist\out-tsc\src\app\layout\forms\checkbox\checkbox.component.spec.js.map
C:\ReconTool\SBSA.Recon.Tool\src\SBSA.Recon.Tool.Web\dist\out-tsc\src\app\layout\forms\date-picker\date-picker.component.spec.js
C:\ReconTool\SBSA.Recon.Tool\src\SBSA.Recon.Tool.Web\dist\out-tsc\src\app\layout\forms\date-picker\date-picker.component.spec.js.map
C:\ReconTool\SBSA.Recon.Tool\src\SBSA.Recon.Tool.Web\dist\out-tsc\src\app\layout\forms\form-field\form-field.component.spec.js
C:\ReconTool\SBSA.Recon.Tool\src\SBSA.Recon.Tool.Web\dist\out-tsc\src\app\layout\forms\form-field\form-field.component.spec.js.map
C:\ReconTool\SBSA.Recon.Tool\src\SBSA.Recon.Tool.Web\dist\out-tsc\src\app\layout\forms\slider\slider.component.spec.js
C:\ReconTool\SBSA.Recon.Tool\src\SBSA.Recon.Tool.Web\dist\out-tsc\src\app\layout\forms\slider\slider.component.spec.js.map
C:\ReconTool\SBSA.Recon.Tool\src\SBSA.Recon.Tool.Web\dist\out-tsc\src\app\layout\material-components\bottom-sheet\bottom-sheets.component.spec.js
C:\ReconTool\SBSA.Recon.Tool\src\SBSA.Recon.Tool.Web\dist\out-tsc\src\app\layout\material-components\bottom-sheet\bottom-sheets.component.spec.js.map
C:\ReconTool\SBSA.Recon.Tool\src\SBSA.Recon.Tool.Web\dist\out-tsc\src\app\layout\material-components\bottom-sheet-overview\bottom-sheet-overview.component.spec.js
C:\ReconTool\SBSA.Recon.Tool\src\SBSA.Recon.Tool.Web\dist\out-tsc\src\app\layout\material-components\bottom-sheet-overview\bottom-sheet-overview.component.spec.js.map
C:\ReconTool\SBSA.Recon.Tool\src\SBSA.Recon.Tool.Web\dist\out-tsc\src\app\layout\material-components\button\button.component.spec.js
C:\ReconTool\SBSA.Recon.Tool\src\SBSA.Recon.Tool.Web\dist\out-tsc\src\app\layout\material-components\button\button.component.spec.js.map
C:\ReconTool\SBSA.Recon.Tool\src\SBSA.Recon.Tool.Web\dist\out-tsc\src\app\layout\material-components\dialog\dialog.component.spec.js
C:\ReconTool\SBSA.Recon.Tool\src\SBSA.Recon.Tool.Web\dist\out-tsc\src\app\layout\material-components\dialog\dialog.component.spec.js.map
C:\ReconTool\SBSA.Recon.Tool\src\SBSA.Recon.Tool.Web\dist\out-tsc\src\app\layout\material-components\dialog-overview\dialog-overview.component.spec.js
C:\ReconTool\SBSA.Recon.Tool\src\SBSA.Recon.Tool.Web\dist\out-tsc\src\app\layout\material-components\dialog-overview\dialog-overview.component.spec.js.map
C:\ReconTool\SBSA.Recon.Tool\src\SBSA.Recon.Tool.Web\dist\out-tsc\src\app\layout\material-components\paginator\paginator.component.spec.js
C:\ReconTool\SBSA.Recon.Tool\src\SBSA.Recon.Tool.Web\dist\out-tsc\src\app\layout\material-components\paginator\paginator.component.spec.js.map
C:\ReconTool\SBSA.Recon.Tool\src\SBSA.Recon.Tool.Web\dist\out-tsc\src\app\layout\material-components\progress-bar\progress-bar.component.spec.js
C:\ReconTool\SBSA.Recon.Tool\src\SBSA.Recon.Tool.Web\dist\out-tsc\src\app\layout\material-components\progress-bar\progress-bar.component.spec.js.map
C:\ReconTool\SBSA.Recon.Tool\src\SBSA.Recon.Tool.Web\dist\out-tsc\src\app\layout\material-components\snack-bar\snack-bar.component.spec.js
C:\ReconTool\SBSA.Recon.Tool\src\SBSA.Recon.Tool.Web\dist\out-tsc\src\app\layout\material-components\snack-bar\snack-bar.component.spec.js.map
C:\ReconTool\SBSA.Recon.Tool\src\SBSA.Recon.Tool.Web\dist\out-tsc\src\app\layout\material-components\tool-tip\tool-tip.component.spec.js
C:\ReconTool\SBSA.Recon.Tool\src\SBSA.Recon.Tool.Web\dist\out-tsc\src\app\layout\material-components\tool-tip\tool-tip.component.spec.js.map
C:\ReconTool\SBSA.Recon.Tool\src\SBSA.Recon.Tool.Web\dist\out-tsc\src\app\shared\modules\stat\stat.component.spec.js
C:\ReconTool\SBSA.Recon.Tool\src\SBSA.Recon.Tool.Web\dist\out-tsc\src\app\shared\modules\stat\stat.component.spec.js.map
C:\ReconTool\SBSA.Recon.Tool\src\SBSA.Recon.Tool.Web\dist\out-tsc\src\app\shared\modules\stat\stat.module.spec.js
C:\ReconTool\SBSA.Recon.Tool\src\SBSA.Recon.Tool.Web\dist\out-tsc\src\app\shared\modules\stat\stat.module.spec.js.map
